#
# There is insufficient memory for the Java Runtime Environment to continue.
# Native memory allocation (mmap) failed to map 65536 bytes for Failed to commit metaspace.
# Possible reasons:
#   The system is out of physical RAM or swap space
#   The process is running with CompressedOops enabled, and the Java Heap may be blocking the growth of the native heap
# Possible solutions:
#   Reduce memory load on the system
#   Increase physical memory or swap space
#   Check if swap backing store is full
#   Decrease Java heap size (-Xmx/-Xms)
#   Decrease number of Java threads
#   Decrease Java thread stack sizes (-Xss)
#   Set larger code cache with -XX:ReservedCodeCacheSize=
#   JVM is running with Zero Based Compressed Oops mode in which the Java heap is
#     placed in the first 32GB address space. The Java Heap base address is the
#     maximum limit for the native heap growth. Please use -XX:HeapBaseMinAddress
#     to set the Java Heap base and to place the Java Heap above 32GB virtual address.
# This output file may be truncated or incomplete.
#
#  Out of Memory Error (virtualSpaceNode.cpp:110), pid=11764, tid=10796
#
# JRE version: Java(TM) SE Runtime Environment (17.0.9+11) (build 17.0.9+11-LTS-201)
# Java VM: Java HotSpot(TM) 64-Bit Server VM (17.0.9+11-LTS-201, mixed mode, emulated-client, sharing, tiered, compressed oops, compressed class ptrs, g1 gc, windows-amd64)
# No core dump will be written. Minidumps are not enabled by default on client versions of Windows
#

---------------  S U M M A R Y ------------

Command Line: -XX:TieredStopAtLevel=1 -Dspring.output.ansi.enabled=always -Dcom.sun.management.jmxremote -Dspring.jmx.enabled=true -Dspring.liveBeansView.mbeanDomain -Dspring.application.admin.enabled=true -Dmanagement.endpoints.jmx.exposure.include=* -javaagent:C:\Program Files\JetBrains\IntelliJ IDEA 2025.2.2\lib\idea_rt.jar=62679 -Dfile.encoding=UTF-8 fa.training.car_rental_management.CarRentalManagementApplication

Host: AMD Ryzen 5 5600H with Radeon Graphics         , 12 cores, 13G,  Windows 11 , 64 bit Build 26100 (10.0.26100.7705)
Time: Sun Mar 15 12:24:27 2026 SE Asia Standard Time elapsed time: 5.407253 seconds (0d 0h 0m 5s)

---------------  T H R E A D  ---------------

Current thread (0x00000153e3a01e50):  JavaThread "restartedMain" [_thread_in_vm, id=10796, stack(0x0000003a59500000,0x0000003a59600000)]

Stack: [0x0000003a59500000,0x0000003a59600000]
Native frames: (J=compiled Java code, j=interpreted, Vv=VM code, C=native code)
V  [jvm.dll+0x678a4a]
V  [jvm.dll+0x7d9cfd]
V  [jvm.dll+0x7db60e]
V  [jvm.dll+0x7dbc73]
V  [jvm.dll+0x245e1f]
V  [jvm.dll+0x7d5a0b]
V  [jvm.dll+0x61ebc6]
V  [jvm.dll+0x1c01f7]
V  [jvm.dll+0x621530]
V  [jvm.dll+0x61f586]
V  [jvm.dll+0x65b0eb]
V  [jvm.dll+0x36a615]
V  [jvm.dll+0x36a535]
V  [jvm.dll+0x37e337]
C  0x00000153cfb89cea

Java frames: (J=compiled Java code, j=interpreted, Vv=VM code)
j  com.mysql.cj.protocol.Resultset$Concurrency.<clinit>()V+33
v  ~StubRoutines::call_stub
j  com.mysql.cj.jdbc.result.ResultSetFactory.<init>(Lcom/mysql/cj/jdbc/JdbcConnection;Lcom/mysql/cj/jdbc/StatementImpl;)V+12
j  com.mysql.cj.jdbc.ConnectionImpl.<init>(Lcom/mysql/cj/conf/HostInfo;)V+208
j  com.mysql.cj.jdbc.ConnectionImpl.getInstance(Lcom/mysql/cj/conf/HostInfo;)Lcom/mysql/cj/jdbc/JdbcConnection;+5
j  com.mysql.cj.jdbc.NonRegisteringDriver.connect(Ljava/lang/String;Ljava/util/Properties;)Ljava/sql/Connection;+72
j  com.zaxxer.hikari.util.DriverDataSource.getConnection(Ljava/lang/String;Ljava/lang/String;)Ljava/sql/Connection;+61
j  com.zaxxer.hikari.pool.PoolBase.newConnection(Z)Ljava/sql/Connection;+74
j  com.zaxxer.hikari.pool.PoolBase.newPoolEntry(Z)Lcom/zaxxer/hikari/pool/PoolEntry;+6
j  com.zaxxer.hikari.pool.HikariPool.createPoolEntry()Lcom/zaxxer/hikari/pool/PoolEntry;+13
j  com.zaxxer.hikari.pool.HikariPool.checkFailFast()V+20
j  com.zaxxer.hikari.pool.HikariPool.<init>(Lcom/zaxxer/hikari/HikariConfig;)V+163
j  com.zaxxer.hikari.HikariDataSource.getConnection()Ljava/sql/Connection;+82
j  org.hibernate.engine.jdbc.connections.internal.DataSourceConnectionProvider.getConnection()Ljava/sql/Connection;+48
j  org.hibernate.engine.jdbc.env.internal.JdbcEnvironmentInitiator$ConnectionProviderJdbcConnectionAccess.obtainConnection()Ljava/sql/Connection;+4
j  org.hibernate.resource.transaction.backend.jdbc.internal.JdbcIsolationDelegate.delegateWork(Lorg/hibernate/jdbc/WorkExecutorVisitable;Z)Ljava/lang/Object;+4
j  org.hibernate.engine.jdbc.env.internal.JdbcEnvironmentInitiator.getJdbcEnvironmentUsingJdbcMetadata(Lorg/hibernate/engine/jdbc/env/JdbcMetadataOnBoot;Ljava/util/Map;Lorg/hibernate/service/spi/ServiceRegistryImplementor;Lorg/hibernate/engine/jdbc/dialect/spi/DialectFactory;Ljava/lang/String;Ljava/lang/Integer;Ljava/lang/Integer;Ljava/lang/String;)Lorg/hibernate/engine/jdbc/env/internal/JdbcEnvironmentImpl;+115
j  org.hibernate.engine.jdbc.env.internal.JdbcEnvironmentInitiator.getJdbcEnvironment(Ljava/util/Map;Lorg/hibernate/service/spi/ServiceRegistryImplementor;Ljava/lang/String;Ljava/lang/Integer;Ljava/lang/Integer;Ljava/lang/String;)Lorg/hibernate/engine/jdbc/env/spi/JdbcEnvironment;+41
j  org.hibernate.engine.jdbc.env.internal.JdbcEnvironmentInitiator.initiateService(Ljava/util/Map;Lorg/hibernate/service/spi/ServiceRegistryImplementor;)Lorg/hibernate/engine/jdbc/env/spi/JdbcEnvironment;+101
j  org.hibernate.engine.jdbc.env.internal.JdbcEnvironmentInitiator.initiateService(Ljava/util/Map;Lorg/hibernate/service/spi/ServiceRegistryImplementor;)Lorg/hibernate/service/Service;+3
j  org.hibernate.boot.registry.internal.StandardServiceRegistryImpl.initiateService(Lorg/hibernate/service/spi/ServiceInitiator;)Lorg/hibernate/service/Service;+9
j  org.hibernate.service.internal.AbstractServiceRegistryImpl.createService(Lorg/hibernate/service/spi/ServiceBinding;)Lorg/hibernate/service/Service;+26
j  org.hibernate.service.internal.AbstractServiceRegistryImpl.initializeService(Lorg/hibernate/service/spi/ServiceBinding;)Lorg/hibernate/service/Service;+28
j  org.hibernate.service.internal.AbstractServiceRegistryImpl.getService(Ljava/lang/Class;)Lorg/hibernate/service/Service;+112
j  org.hibernate.boot.model.relational.Database.<init>(Lorg/hibernate/boot/spi/MetadataBuildingOptions;)V+10
j  org.hibernate.boot.internal.InFlightMetadataCollectorImpl.getDatabase()Lorg/hibernate/boot/model/relational/Database;+16
j  org.hibernate.boot.internal.InFlightMetadataCollectorImpl.<init>(Lorg/hibernate/boot/spi/BootstrapContext;Lorg/hibernate/boot/spi/MetadataBuildingOptions;)V+365
j  org.hibernate.boot.model.process.spi.MetadataBuildingProcess.complete(Lorg/hibernate/boot/model/process/spi/ManagedResources;Lorg/hibernate/boot/spi/BootstrapContext;Lorg/hibernate/boot/spi/MetadataBuildingOptions;)Lorg/hibernate/boot/spi/MetadataImplementor;+6
j  org.hibernate.jpa.boot.internal.EntityManagerFactoryBuilderImpl.metadata()Lorg/hibernate/boot/spi/MetadataImplementor;+30
j  org.hibernate.jpa.boot.internal.EntityManagerFactoryBuilderImpl.populateSessionFactoryBuilder()Lorg/hibernate/boot/SessionFactoryBuilder;+1
j  org.hibernate.jpa.boot.internal.EntityManagerFactoryBuilderImpl.build()Ljakarta/persistence/EntityManagerFactory;+3
j  org.springframework.orm.jpa.vendor.SpringHibernateJpaPersistenceProvider.createContainerEntityManagerFactory(Ljakarta/persistence/spi/PersistenceUnitInfo;Ljava/util/Map;)Ljakarta/persistence/EntityManagerFactory;+113
j  org.springframework.orm.jpa.LocalContainerEntityManagerFactoryBean.createNativeEntityManagerFactory()Ljakarta/persistence/EntityManagerFactory;+111
j  org.springframework.orm.jpa.AbstractEntityManagerFactoryBean.buildNativeEntityManagerFactory()Ljakarta/persistence/EntityManagerFactory;+1
j  org.springframework.orm.jpa.AbstractEntityManagerFactoryBean.afterPropertiesSet()V+234
j  org.springframework.orm.jpa.LocalContainerEntityManagerFactoryBean.afterPropertiesSet()V+238
j  org.springframework.beans.factory.support.AbstractAutowireCapableBeanFactory.invokeInitMethods(Ljava/lang/String;Ljava/lang/Object;Lorg/springframework/beans/factory/support/RootBeanDefinition;)V+56
j  org.springframework.beans.factory.support.AbstractAutowireCapableBeanFactory.initializeBean(Ljava/lang/String;Ljava/lang/Object;Lorg/springframework/beans/factory/support/RootBeanDefinition;)Ljava/lang/Object;+46
j  org.springframework.beans.factory.support.AbstractAutowireCapableBeanFactory.doCreateBean(Ljava/lang/String;Lorg/springframework/beans/factory/support/RootBeanDefinition;[Ljava/lang/Object;)Ljava/lang/Object;+228
j  org.springframework.beans.factory.support.AbstractAutowireCapableBeanFactory.createBean(Ljava/lang/String;Lorg/springframework/beans/factory/support/RootBeanDefinition;[Ljava/lang/Object;)Ljava/lang/Object;+153
j  org.springframework.beans.factory.support.AbstractBeanFactory.lambda$doGetBean$0(Ljava/lang/String;Lorg/springframework/beans/factory/support/RootBeanDefinition;[Ljava/lang/Object;)Ljava/lang/Object;+4
j  org.springframework.beans.factory.support.AbstractBeanFactory$$Lambda$490+0x0000015381277698.getObject()Ljava/lang/Object;+16
j  org.springframework.beans.factory.support.DefaultSingletonBeanRegistry.getSingleton(Ljava/lang/String;Lorg/springframework/beans/factory/ObjectFactory;)Ljava/lang/Object;+897
J 3248 c1 org.springframework.beans.factory.support.AbstractBeanFactory.doGetBean(Ljava/lang/String;Ljava/lang/Class;[Ljava/lang/Object;Z)Ljava/lang/Object; (791 bytes) @ 0x00000153d0324524 [0x00000153d0323f00+0x0000000000000624]
J 3252 c1 org.springframework.beans.factory.support.AbstractBeanFactory.getBean(Ljava/lang/String;Ljava/lang/Class;)Ljava/lang/Object; (9 bytes) @ 0x00000153d0320b64 [0x00000153d0320b20+0x0000000000000044]
j  org.springframework.context.support.AbstractApplicationContext.finishBeanFactoryInitialization(Lorg/springframework/beans/factory/config/ConfigurableListableBeanFactory;)V+226
j  org.springframework.context.support.AbstractApplicationContext.refresh()V+94
j  org.springframework.boot.web.server.servlet.context.ServletWebServerApplicationContext.refresh()V+1
j  org.springframework.boot.SpringApplication.refresh(Lorg/springframework/context/ConfigurableApplicationContext;)V+1
j  org.springframework.boot.SpringApplication.refreshContext(Lorg/springframework/context/ConfigurableApplicationContext;)V+19
j  org.springframework.boot.SpringApplication.run([Ljava/lang/String;)Lorg/springframework/context/ConfigurableApplicationContext;+113
j  org.springframework.boot.SpringApplication.run([Ljava/lang/Class;[Ljava/lang/String;)Lorg/springframework/context/ConfigurableApplicationContext;+9
j  org.springframework.boot.SpringApplication.run(Ljava/lang/Class;[Ljava/lang/String;)Lorg/springframework/context/ConfigurableApplicationContext;+9
j  fa.training.car_rental_management.CarRentalManagementApplication.main([Ljava/lang/String;)V+3
v  ~StubRoutines::call_stub
j  jdk.internal.reflect.NativeMethodAccessorImpl.invoke0(Ljava/lang/reflect/Method;Ljava/lang/Object;[Ljava/lang/Object;)Ljava/lang/Object;+0 java.base@17.0.9
j  jdk.internal.reflect.NativeMethodAccessorImpl.invoke(Ljava/lang/Object;[Ljava/lang/Object;)Ljava/lang/Object;+133 java.base@17.0.9
j  jdk.internal.reflect.DelegatingMethodAccessorImpl.invoke(Ljava/lang/Object;[Ljava/lang/Object;)Ljava/lang/Object;+6 java.base@17.0.9
j  java.lang.reflect.Method.invoke(Ljava/lang/Object;[Ljava/lang/Object;)Ljava/lang/Object;+59 java.base@17.0.9
j  org.springframework.boot.devtools.restart.RestartLauncher.run()V+47
v  ~StubRoutines::call_stub

---------------  P R O C E S S  ---------------

Threads class SMR info:
_java_thread_list=0x00000153e3f575a0, length=24, elements={
0x00000153c6ccb550, 0x00000153de6d7930, 0x00000153de6d8400, 0x00000153de6ebb30,
0x00000153de6ec600, 0x00000153de6eeee0, 0x00000153de6f17c0, 0x00000153de6f2090,
0x00000153de6f7eb0, 0x00000153de9d4820, 0x00000153de6c3930, 0x00000153de9e8f00,
0x00000153e3451730, 0x00000153e344f2e0, 0x00000153e354f670, 0x00000153e39044a0,
0x00000153e38e9c70, 0x00000153e3a01430, 0x00000153e3a01e50, 0x00000153e3f33860,
0x00000153e3a02360, 0x00000153e39ffae0, 0x00000153e3a02870, 0x00000153e3a01940
}

Java Threads: ( => current thread )
  0x00000153c6ccb550 JavaThread "main" [_thread_blocked, id=19040, stack(0x0000003a57300000,0x0000003a57400000)]
  0x00000153de6d7930 JavaThread "Reference Handler" daemon [_thread_blocked, id=8784, stack(0x0000003a57a00000,0x0000003a57b00000)]
  0x00000153de6d8400 JavaThread "Finalizer" daemon [_thread_blocked, id=15540, stack(0x0000003a57b00000,0x0000003a57c00000)]
  0x00000153de6ebb30 JavaThread "Signal Dispatcher" daemon [_thread_blocked, id=1168, stack(0x0000003a57c00000,0x0000003a57d00000)]
  0x00000153de6ec600 JavaThread "Attach Listener" daemon [_thread_blocked, id=12808, stack(0x0000003a57d00000,0x0000003a57e00000)]
  0x00000153de6eeee0 JavaThread "Service Thread" daemon [_thread_blocked, id=15088, stack(0x0000003a57e00000,0x0000003a57f00000)]
  0x00000153de6f17c0 JavaThread "Monitor Deflation Thread" daemon [_thread_blocked, id=23264, stack(0x0000003a57f00000,0x0000003a58000000)]
  0x00000153de6f2090 JavaThread "C1 CompilerThread0" daemon [_thread_blocked, id=8804, stack(0x0000003a58000000,0x0000003a58100000)]
  0x00000153de6f7eb0 JavaThread "Sweeper thread" daemon [_thread_blocked, id=21584, stack(0x0000003a58100000,0x0000003a58200000)]
  0x00000153de9d4820 JavaThread "Common-Cleaner" daemon [_thread_blocked, id=16988, stack(0x0000003a58200000,0x0000003a58300000)]
  0x00000153de6c3930 JavaThread "C1 CompilerThread1" daemon [_thread_blocked, id=3968, stack(0x0000003a58300000,0x0000003a58400000)]
  0x00000153de9e8f00 JavaThread "C1 CompilerThread2" daemon [_thread_blocked, id=17900, stack(0x0000003a58400000,0x0000003a58500000)]
  0x00000153e3451730 JavaThread "Monitor Ctrl-Break" daemon [_thread_in_native, id=10668, stack(0x0000003a58500000,0x0000003a58600000)]
  0x00000153e344f2e0 JavaThread "Notification Thread" daemon [_thread_blocked, id=11540, stack(0x0000003a58600000,0x0000003a58700000)]
  0x00000153e354f670 JavaThread "RMI TCP Accept-0" daemon [_thread_in_native, id=19160, stack(0x0000003a58700000,0x0000003a58800000)]
  0x00000153e39044a0 JavaThread "RMI TCP Connection(1)-192.168.0.101" daemon [_thread_in_native, id=19828, stack(0x0000003a58f00000,0x0000003a59000000)]
  0x00000153e38e9c70 JavaThread "RMI Scheduler(0)" daemon [_thread_blocked, id=18636, stack(0x0000003a59000000,0x0000003a59100000)]
  0x00000153e3a01430 JavaThread "Thread-0" [_thread_blocked, id=2076, stack(0x0000003a59400000,0x0000003a59500000)]
=>0x00000153e3a01e50 JavaThread "restartedMain" [_thread_in_vm, id=10796, stack(0x0000003a59500000,0x0000003a59600000)]
  0x00000153e3f33860 JavaThread "C1 CompilerThread3" daemon [_thread_blocked, id=26020, stack(0x0000003a59700000,0x0000003a59800000)]
  0x00000153e3a02360 JavaThread "Catalina-utility-1" [_thread_blocked, id=15380, stack(0x0000003a59600000,0x0000003a59700000)]
  0x00000153e39ffae0 JavaThread "Catalina-utility-2" [_thread_blocked, id=16280, stack(0x0000003a59a00000,0x0000003a59b00000)]
  0x00000153e3a02870 JavaThread "container-0" [_thread_blocked, id=16724, stack(0x0000003a59b00000,0x0000003a59c00000)]
  0x00000153e3a01940 JavaThread "mysql-cj-abandoned-connection-cleanup" daemon [_thread_blocked, id=17120, stack(0x0000003a59c00000,0x0000003a59d00000)]

Other Threads:
  0x00000153de6d2f70 VMThread "VM Thread" [stack: 0x0000003a57900000,0x0000003a57a00000] [id=25412]
  0x00000153e35d82f0 WatcherThread [stack: 0x0000003a58800000,0x0000003a58900000] [id=25980]
  0x00000153c6d2f950 GCTaskThread "GC Thread#0" [stack: 0x0000003a57400000,0x0000003a57500000] [id=12844]
  0x00000153e37b0460 GCTaskThread "GC Thread#1" [stack: 0x0000003a58900000,0x0000003a58a00000] [id=14500]
  0x00000153e362c210 GCTaskThread "GC Thread#2" [stack: 0x0000003a58a00000,0x0000003a58b00000] [id=26172]
  0x00000153e382dfc0 GCTaskThread "GC Thread#3" [stack: 0x0000003a58b00000,0x0000003a58c00000] [id=13848]
  0x00000153e38474c0 GCTaskThread "GC Thread#4" [stack: 0x0000003a58c00000,0x0000003a58d00000] [id=11856]
  0x00000153e386bf90 GCTaskThread "GC Thread#5" [stack: 0x0000003a58d00000,0x0000003a58e00000] [id=4864]
  0x00000153e386c250 GCTaskThread "GC Thread#6" [stack: 0x0000003a58e00000,0x0000003a58f00000] [id=18596]
  0x00000153e3a73080 GCTaskThread "GC Thread#7" [stack: 0x0000003a59100000,0x0000003a59200000] [id=25956]
  0x00000153e3a73340 GCTaskThread "GC Thread#8" [stack: 0x0000003a59200000,0x0000003a59300000] [id=19796]
  0x00000153e3a74210 GCTaskThread "GC Thread#9" [stack: 0x0000003a59300000,0x0000003a59400000] [id=12456]
  0x00000153c6d3e660 ConcurrentGCThread "G1 Main Marker" [stack: 0x0000003a57500000,0x0000003a57600000] [id=25904]
  0x00000153c6d3fd40 ConcurrentGCThread "G1 Conc#0" [stack: 0x0000003a57600000,0x0000003a57700000] [id=10352]
  0x00000153e3fe24a0 ConcurrentGCThread "G1 Conc#1" [stack: 0x0000003a59800000,0x0000003a59900000] [id=17360]
  0x00000153e3fe9da0 ConcurrentGCThread "G1 Conc#2" [stack: 0x0000003a59900000,0x0000003a59a00000] [id=5244]
  0x00000153de585840 ConcurrentGCThread "G1 Refine#0" [stack: 0x0000003a57700000,0x0000003a57800000] [id=20196]
  0x00000153e505a6b0 ConcurrentGCThread "G1 Refine#1" [stack: 0x0000003a59d00000,0x0000003a59e00000] [id=25104]
  0x00000153de586020 ConcurrentGCThread "G1 Service" [stack: 0x0000003a57800000,0x0000003a57900000] [id=25484]

Threads with active compile tasks:

VM state: not at safepoint (normal execution)

VM Mutex/Monitor currently owned by a thread:  ([mutex/lock_event])
[0x00000153c6873c90] Metaspace_lock - owner thread: 0x00000153e3a01e50
[0x00000153c6cc8ed0] MultiArray_lock - owner thread: 0x00000153e3a01e50

Heap address: 0x0000000722400000, size: 3548 MB, Compressed Oops mode: Zero based, Oop shift amount: 3

CDS archive(s) mapped at: [0x0000015380000000-0x0000015380bd0000-0x0000015380bd0000), size 12386304, SharedBaseAddress: 0x0000015380000000, ArchiveRelocationMode: 1.
Compressed class space mapped at: 0x0000015381000000-0x00000153c1000000, reserved size: 1073741824
Narrow klass base: 0x0000015380000000, Narrow klass shift: 0, Narrow klass range: 0x100000000

GC Precious Log:
 CPUs: 12 total, 12 available
 Memory: 14188M
 Large Page Support: Disabled
 NUMA Support: Disabled
 Compressed Oops: Enabled (Zero based)
 Heap Region Size: 2M
 Heap Min Capacity: 8M
 Heap Initial Capacity: 222M
 Heap Max Capacity: 3548M
 Pre-touch: Disabled
 Parallel Workers: 10
 Concurrent Workers: 3
 Concurrent Refinement Workers: 10
 Periodic GC: Disabled

Heap:
 garbage-first heap   total 96256K, used 29541K [0x0000000722400000, 0x0000000800000000)
  region size 2048K, 2 young (4096K), 1 survivors (2048K)
 Metaspace       used 46188K, committed 46656K, reserved 1114112K
  class space    used 6701K, committed 6912K, reserved 1048576K

Heap Regions: E=young(eden), S=young(survivor), O=old, HS=humongous(starts), HC=humongous(continues), CS=collection set, F=free, OA=open archive, CA=closed archive, TAMS=top-at-mark-start (previous, next)
|   0|0x0000000722400000, 0x0000000722600000, 0x0000000722600000|100%| O|  |TAMS 0x0000000722600000, 0x0000000722400000| Untracked 
|   1|0x0000000722600000, 0x0000000722800000, 0x0000000722800000|100%| O|  |TAMS 0x0000000722800000, 0x0000000722600000| Untracked 
|   2|0x0000000722800000, 0x0000000722a00000, 0x0000000722a00000|100%| O|  |TAMS 0x0000000722a00000, 0x0000000722800000| Untracked 
|   3|0x0000000722a00000, 0x0000000722c00000, 0x0000000722c00000|100%| O|  |TAMS 0x0000000722c00000, 0x0000000722a00000| Untracked 
|   4|0x0000000722c00000, 0x0000000722c00000, 0x0000000722e00000|  0%| F|  |TAMS 0x0000000722c00000, 0x0000000722c00000| Untracked 
|   5|0x0000000722e00000, 0x0000000723000000, 0x0000000723000000|100%| O|  |TAMS 0x0000000723000000, 0x0000000722e00000| Untracked 
|   6|0x0000000723000000, 0x0000000723200000, 0x0000000723200000|100%| O|  |TAMS 0x0000000723200000, 0x0000000723000000| Untracked 
|   7|0x0000000723200000, 0x0000000723400000, 0x0000000723400000|100%| O|  |TAMS 0x0000000723400000, 0x0000000723200000| Untracked 
|   8|0x0000000723400000, 0x0000000723600000, 0x0000000723600000|100%| O|  |TAMS 0x0000000723600000, 0x0000000723400000| Untracked 
|   9|0x0000000723600000, 0x0000000723800000, 0x0000000723800000|100%| O|  |TAMS 0x00000007237c6600, 0x0000000723600000| Untracked 
|  10|0x0000000723800000, 0x0000000723a00000, 0x0000000723a00000|100%| O|  |TAMS 0x0000000723800000, 0x0000000723800000| Untracked 
|  11|0x0000000723a00000, 0x0000000723c00000, 0x0000000723c00000|100%| O|  |TAMS 0x0000000723a00000, 0x0000000723a00000| Untracked 
|  12|0x0000000723c00000, 0x0000000723e00000, 0x0000000723e00000|100%| O|  |TAMS 0x0000000723c00000, 0x0000000723c00000| Untracked 
|  13|0x0000000723e00000, 0x0000000724000000, 0x0000000724000000|100%| O|  |TAMS 0x0000000723e00000, 0x0000000723e00000| Untracked 
|  14|0x0000000724000000, 0x00000007241f5800, 0x0000000724200000| 97%| O|  |TAMS 0x0000000724000000, 0x0000000724000000| Untracked 
|  15|0x0000000724200000, 0x0000000724200000, 0x0000000724400000|  0%| F|  |TAMS 0x0000000724200000, 0x0000000724200000| Untracked 
|  16|0x0000000724400000, 0x0000000724400000, 0x0000000724600000|  0%| F|  |TAMS 0x0000000724400000, 0x0000000724400000| Untracked 
|  17|0x0000000724600000, 0x0000000724600000, 0x0000000724800000|  0%| F|  |TAMS 0x0000000724600000, 0x0000000724600000| Untracked 
|  18|0x0000000724800000, 0x0000000724800000, 0x0000000724a00000|  0%| F|  |TAMS 0x0000000724800000, 0x0000000724800000| Untracked 
|  19|0x0000000724a00000, 0x0000000724a00000, 0x0000000724c00000|  0%| F|  |TAMS 0x0000000724a00000, 0x0000000724a00000| Untracked 
|  20|0x0000000724c00000, 0x0000000724c00000, 0x0000000724e00000|  0%| F|  |TAMS 0x0000000724c00000, 0x0000000724c00000| Untracked 
|  21|0x0000000724e00000, 0x0000000724e00000, 0x0000000725000000|  0%| F|  |TAMS 0x0000000724e00000, 0x0000000724e00000| Untracked 
|  22|0x0000000725000000, 0x0000000725000000, 0x0000000725200000|  0%| F|  |TAMS 0x0000000725000000, 0x0000000725000000| Untracked 
|  23|0x0000000725200000, 0x0000000725200000, 0x0000000725400000|  0%| F|  |TAMS 0x0000000725200000, 0x0000000725200000| Untracked 
|  24|0x0000000725400000, 0x0000000725400000, 0x0000000725600000|  0%| F|  |TAMS 0x0000000725400000, 0x0000000725400000| Untracked 
|  25|0x0000000725600000, 0x0000000725600000, 0x0000000725800000|  0%| F|  |TAMS 0x0000000725600000, 0x0000000725600000| Untracked 
|  26|0x0000000725800000, 0x0000000725800000, 0x0000000725a00000|  0%| F|  |TAMS 0x0000000725800000, 0x0000000725800000| Untracked 
|  27|0x0000000725a00000, 0x0000000725a00000, 0x0000000725c00000|  0%| F|  |TAMS 0x0000000725a00000, 0x0000000725a00000| Untracked 
|  28|0x0000000725c00000, 0x0000000725c00000, 0x0000000725e00000|  0%| F|  |TAMS 0x0000000725c00000, 0x0000000725c00000| Untracked 
|  29|0x0000000725e00000, 0x0000000725e00000, 0x0000000726000000|  0%| F|  |TAMS 0x0000000725e00000, 0x0000000725e00000| Untracked 
|  30|0x0000000726000000, 0x0000000726000000, 0x0000000726200000|  0%| F|  |TAMS 0x0000000726000000, 0x0000000726000000| Untracked 
|  31|0x0000000726200000, 0x0000000726200000, 0x0000000726400000|  0%| F|  |TAMS 0x0000000726200000, 0x0000000726200000| Untracked 
|  32|0x0000000726400000, 0x0000000726400000, 0x0000000726600000|  0%| F|  |TAMS 0x0000000726400000, 0x0000000726400000| Untracked 
|  33|0x0000000726600000, 0x0000000726600000, 0x0000000726800000|  0%| F|  |TAMS 0x0000000726600000, 0x0000000726600000| Untracked 
|  34|0x0000000726800000, 0x0000000726800000, 0x0000000726a00000|  0%| F|  |TAMS 0x0000000726800000, 0x0000000726800000| Untracked 
|  35|0x0000000726a00000, 0x0000000726a00000, 0x0000000726c00000|  0%| F|  |TAMS 0x0000000726a00000, 0x0000000726a00000| Untracked 
|  36|0x0000000726c00000, 0x0000000726c00000, 0x0000000726e00000|  0%| F|  |TAMS 0x0000000726c00000, 0x0000000726c00000| Untracked 
|  37|0x0000000726e00000, 0x0000000726e00000, 0x0000000727000000|  0%| F|  |TAMS 0x0000000726e00000, 0x0000000726e00000| Untracked 
|  38|0x0000000727000000, 0x0000000727000000, 0x0000000727200000|  0%| F|  |TAMS 0x0000000727000000, 0x0000000727000000| Untracked 
|  39|0x0000000727200000, 0x0000000727200000, 0x0000000727400000|  0%| F|  |TAMS 0x0000000727200000, 0x0000000727200000| Untracked 
|  40|0x0000000727400000, 0x0000000727400000, 0x0000000727600000|  0%| F|  |TAMS 0x0000000727400000, 0x0000000727400000| Untracked 
|  41|0x0000000727600000, 0x0000000727600000, 0x0000000727800000|  0%| F|  |TAMS 0x0000000727600000, 0x0000000727600000| Untracked 
|  42|0x0000000727800000, 0x0000000727800000, 0x0000000727a00000|  0%| F|  |TAMS 0x0000000727800000, 0x0000000727800000| Untracked 
|  51|0x0000000728a00000, 0x0000000728a00000, 0x0000000728c00000|  0%| F|  |TAMS 0x0000000728a00000, 0x0000000728a00000| Untracked 
|  91|0x000000072da00000, 0x000000072da00000, 0x000000072dc00000|  0%| F|  |TAMS 0x000000072da00000, 0x000000072da00000| Untracked 
|  92|0x000000072dc00000, 0x000000072dce3c18, 0x000000072de00000| 44%| S|CS|TAMS 0x000000072dc00000, 0x000000072dc00000| Complete 
| 110|0x0000000730000000, 0x0000000730192b58, 0x0000000730200000| 78%| E|  |TAMS 0x0000000730000000, 0x0000000730000000| Complete 

Card table byte_map: [0x00000153d3d00000,0x00000153d43f0000] _byte_map_base: 0x00000153d03ee000

Marking Bits (Prev, Next): (CMBitMap*) 0x00000153c6d2ff70, (CMBitMap*) 0x00000153c6d2ffb0
 Prev Bits: [0x00000153d4ae0000, 0x00000153d8250000)
 Next Bits: [0x00000153d8250000, 0x00000153db9c0000)

Polling page: 0x00000153c67d0000

Metaspace:

Usage:
  Non-class:     38.56 MB used.
      Class:      6.54 MB used.
       Both:     45.11 MB used.

Virtual space:
  Non-class space:       64.00 MB reserved,      38.81 MB ( 61%) committed,  1 nodes.
      Class space:        1.00 GB reserved,       6.75 MB ( <1%) committed,  1 nodes.
             Both:        1.06 GB reserved,      45.56 MB (  4%) committed. 

Chunk freelists:
   Non-Class:  8.53 MB
       Class:  9.23 MB
        Both:  17.77 MB

MaxMetaspaceSize: unlimited
CompressedClassSpaceSize: 1.00 GB
Initial GC threshold: 21.00 MB
Current GC threshold: 59.06 MB
CDS: on
MetaspaceReclaimPolicy: balanced
 - commit_granule_bytes: 65536.
 - commit_granule_words: 8192.
 - virtual_space_node_default_size: 8388608.
 - enlarge_chunks_in_place: 1.
 - new_chunks_are_fully_committed: 0.
 - uncommit_free_chunks: 1.
 - use_allocation_guard: 0.
 - handle_deallocations: 1.


Internal statistics:

num_allocs_failed_limit: 6.
num_arena_births: 722.
num_arena_deaths: 0.
num_vsnodes_births: 2.
num_vsnodes_deaths: 0.
num_space_committed: 729.
num_space_uncommitted: 0.
num_chunks_returned_to_freelist: 6.
num_chunks_taken_from_freelist: 2410.
num_chunk_merges: 6.
num_chunk_splits: 1687.
num_chunks_enlarged: 1278.
num_inconsistent_stats: 0.

CodeCache: size=49152Kb used=10800Kb max_used=10800Kb free=38351Kb
 bounds [0x00000153cfb70000, 0x00000153d0600000, 0x00000153d2b70000]
 total_blobs=5587 nmethods=5029 adapters=482
 compilation: enabled
              stopped_count=0, restarted_count=0
 full_count=0

Compilation events (20 events):
Event: 5.396 Thread 0x00000153de6f2090 5020  s    1       java.lang.StringBuffer::toString (59 bytes)
Event: 5.396 Thread 0x00000153de6f2090 nmethod 5020 0x00000153d05f9b90 code [0x00000153d05f9d60, 0x00000153d05fa238]
Event: 5.396 Thread 0x00000153de6c3930 5021       1       java.lang.StringBuffer::<init> (7 bytes)
Event: 5.396 Thread 0x00000153de6c3930 nmethod 5021 0x00000153d05fa390 code [0x00000153d05fa520, 0x00000153d05fa608]
Event: 5.396 Thread 0x00000153e3f33860 5022       1       java.text.Format::<init> (5 bytes)
Event: 5.396 Thread 0x00000153de6f2090 5023  s    1       java.lang.StringBuffer::append (15 bytes)
Event: 5.396 Thread 0x00000153e3f33860 nmethod 5022 0x00000153d05fa690 code [0x00000153d05fa820, 0x00000153d05fa8d8]
Event: 5.396 Thread 0x00000153de6c3930 5024       1       java.util.PropertyResourceBundle::handleGetObject (23 bytes)
Event: 5.396 Thread 0x00000153de6f2090 nmethod 5023 0x00000153d05fa990 code [0x00000153d05fab20, 0x00000153d05face8]
Event: 5.397 Thread 0x00000153de6c3930 nmethod 5024 0x00000153d05fad90 code [0x00000153d05faf40, 0x00000153d05fb0b8]
Event: 5.397 Thread 0x00000153de6c3930 5025       1       com.mysql.cj.conf.AbstractPropertyDefinition::getPropertyKey (5 bytes)
Event: 5.397 Thread 0x00000153de6c3930 nmethod 5025 0x00000153d05fb190 code [0x00000153d05fb320, 0x00000153d05fb3f8]
Event: 5.398 Thread 0x00000153de9e8f00 5026       1       com.mysql.cj.conf.AbstractPropertyDefinition::getDefaultValue (5 bytes)
Event: 5.398 Thread 0x00000153de9e8f00 nmethod 5026 0x00000153d05fb490 code [0x00000153d05fb620, 0x00000153d05fb6f8]
Event: 5.399 Thread 0x00000153de9e8f00 5027       1       com.mysql.cj.conf.AbstractRuntimeProperty::getPropertyDefinition (5 bytes)
Event: 5.399 Thread 0x00000153de9e8f00 nmethod 5027 0x00000153d05fb790 code [0x00000153d05fb920, 0x00000153d05fb9f8]
Event: 5.399 Thread 0x00000153de9e8f00 5028       1       com.mysql.cj.conf.AbstractPropertyDefinition::getName (5 bytes)
Event: 5.399 Thread 0x00000153de6f2090 5029       1       com.mysql.cj.conf.AbstractPropertyDefinition::getCcAlias (5 bytes)
Event: 5.399 Thread 0x00000153de9e8f00 nmethod 5028 0x00000153d05fba90 code [0x00000153d05fbc20, 0x00000153d05fbcf8]
Event: 5.399 Thread 0x00000153de6f2090 nmethod 5029 0x00000153d05fbd90 code [0x00000153d05fbf20, 0x00000153d05fbff8]

GC Heap History (20 events):
Event: 1.495 GC heap before
{Heap before GC invocations=1 (full 0):
 garbage-first heap   total 227328K, used 25615K [0x0000000722400000, 0x0000000800000000)
  region size 2048K, 10 young (20480K), 2 survivors (4096K)
 Metaspace       used 8397K, committed 8640K, reserved 1114112K
  class space    used 1083K, committed 1216K, reserved 1048576K
}
Event: 1.500 GC heap after
{Heap after GC invocations=2 (full 0):
 garbage-first heap   total 227328K, used 10993K [0x0000000722400000, 0x0000000800000000)
  region size 2048K, 1 young (2048K), 1 survivors (2048K)
 Metaspace       used 8397K, committed 8640K, reserved 1114112K
  class space    used 1083K, committed 1216K, reserved 1048576K
}
Event: 2.282 GC heap before
{Heap before GC invocations=2 (full 0):
 garbage-first heap   total 227328K, used 54001K [0x0000000722400000, 0x0000000800000000)
  region size 2048K, 22 young (45056K), 1 survivors (2048K)
 Metaspace       used 16176K, committed 16576K, reserved 1114112K
  class space    used 2360K, committed 2560K, reserved 1048576K
}
Event: 2.286 GC heap after
{Heap after GC invocations=3 (full 0):
 garbage-first heap   total 227328K, used 13611K [0x0000000722400000, 0x0000000800000000)
  region size 2048K, 3 young (6144K), 3 survivors (6144K)
 Metaspace       used 16176K, committed 16576K, reserved 1114112K
  class space    used 2360K, committed 2560K, reserved 1048576K
}
Event: 2.622 GC heap before
{Heap before GC invocations=3 (full 0):
 garbage-first heap   total 227328K, used 44331K [0x0000000722400000, 0x0000000800000000)
  region size 2048K, 19 young (38912K), 3 survivors (6144K)
 Metaspace       used 21156K, committed 21504K, reserved 1114112K
  class space    used 2970K, committed 3136K, reserved 1048576K
}
Event: 2.627 GC heap after
{Heap after GC invocations=4 (full 0):
 garbage-first heap   total 227328K, used 15581K [0x0000000722400000, 0x0000000800000000)
  region size 2048K, 4 young (8192K), 4 survivors (8192K)
 Metaspace       used 21156K, committed 21504K, reserved 1114112K
  class space    used 2970K, committed 3136K, reserved 1048576K
}
Event: 3.062 GC heap before
{Heap before GC invocations=5 (full 0):
 garbage-first heap   total 75776K, used 52445K [0x0000000722400000, 0x0000000800000000)
  region size 2048K, 22 young (45056K), 4 survivors (8192K)
 Metaspace       used 24120K, committed 24512K, reserved 1114112K
  class space    used 3388K, committed 3584K, reserved 1048576K
}
Event: 3.068 GC heap after
{Heap after GC invocations=6 (full 0):
 garbage-first heap   total 75776K, used 18620K [0x0000000722400000, 0x0000000800000000)
  region size 2048K, 3 young (6144K), 3 survivors (6144K)
 Metaspace       used 24120K, committed 24512K, reserved 1114112K
  class space    used 3388K, committed 3584K, reserved 1048576K
}
Event: 3.085 GC heap before
{Heap before GC invocations=6 (full 0):
 garbage-first heap   total 75776K, used 20668K [0x0000000722400000, 0x0000000800000000)
  region size 2048K, 4 young (8192K), 3 survivors (6144K)
 Metaspace       used 24134K, committed 24512K, reserved 1114112K
  class space    used 3393K, committed 3584K, reserved 1048576K
}
Event: 3.088 GC heap after
{Heap after GC invocations=7 (full 0):
 garbage-first heap   total 75776K, used 19180K [0x0000000722400000, 0x0000000800000000)
  region size 2048K, 1 young (2048K), 1 survivors (2048K)
 Metaspace       used 24134K, committed 24512K, reserved 1114112K
  class space    used 3393K, committed 3584K, reserved 1048576K
}
Event: 3.515 GC heap before
{Heap before GC invocations=7 (full 0):
 garbage-first heap   total 75776K, used 49900K [0x0000000722400000, 0x0000000800000000)
  region size 2048K, 16 young (32768K), 1 survivors (2048K)
 Metaspace       used 27311K, committed 27776K, reserved 1114112K
  class space    used 3842K, committed 4032K, reserved 1048576K
}
Event: 3.517 GC heap after
{Heap after GC invocations=8 (full 0):
 garbage-first heap   total 118784K, used 20211K [0x0000000722400000, 0x0000000800000000)
  region size 2048K, 1 young (2048K), 1 survivors (2048K)
 Metaspace       used 27311K, committed 27776K, reserved 1114112K
  class space    used 3842K, committed 4032K, reserved 1048576K
}
Event: 4.467 GC heap before
{Heap before GC invocations=8 (full 0):
 garbage-first heap   total 118784K, used 87795K [0x0000000722400000, 0x0000000800000000)
  region size 2048K, 34 young (69632K), 1 survivors (2048K)
 Metaspace       used 34868K, committed 35328K, reserved 1114112K
  class space    used 4894K, committed 5120K, reserved 1048576K
}
Event: 4.472 GC heap after
{Heap after GC invocations=9 (full 0):
 garbage-first heap   total 118784K, used 24746K [0x0000000722400000, 0x0000000800000000)
  region size 2048K, 4 young (8192K), 4 survivors (8192K)
 Metaspace       used 34868K, committed 35328K, reserved 1114112K
  class space    used 4894K, committed 5120K, reserved 1048576K
}
Event: 4.585 GC heap before
{Heap before GC invocations=9 (full 0):
 garbage-first heap   total 118784K, used 30890K [0x0000000722400000, 0x0000000800000000)
  region size 2048K, 8 young (16384K), 4 survivors (8192K)
 Metaspace       used 35478K, committed 35968K, reserved 1114112K
  class space    used 4986K, committed 5248K, reserved 1048576K
}
Event: 4.588 GC heap after
{Heap after GC invocations=10 (full 0):
 garbage-first heap   total 118784K, used 25768K [0x0000000722400000, 0x0000000800000000)
  region size 2048K, 3 young (6144K), 3 survivors (6144K)
 Metaspace       used 35478K, committed 35968K, reserved 1114112K
  class space    used 4986K, committed 5248K, reserved 1048576K
}
Event: 5.354 GC heap before
{Heap before GC invocations=11 (full 0):
 garbage-first heap   total 96256K, used 76968K [0x0000000722400000, 0x0000000800000000)
  region size 2048K, 28 young (57344K), 3 survivors (6144K)
 Metaspace       used 45221K, committed 45760K, reserved 1114112K
  class space    used 6620K, committed 6848K, reserved 1048576K
}
Event: 5.358 GC heap after
{Heap after GC invocations=12 (full 0):
 garbage-first heap   total 96256K, used 29067K [0x0000000722400000, 0x0000000800000000)
  region size 2048K, 3 young (6144K), 3 survivors (6144K)
 Metaspace       used 45221K, committed 45760K, reserved 1114112K
  class space    used 6620K, committed 6848K, reserved 1048576K
}
Event: 5.392 GC heap before
{Heap before GC invocations=12 (full 0):
 garbage-first heap   total 96256K, used 31115K [0x0000000722400000, 0x0000000800000000)
  region size 2048K, 4 young (8192K), 3 survivors (6144K)
 Metaspace       used 45876K, committed 46400K, reserved 1114112K
  class space    used 6673K, committed 6912K, reserved 1048576K
}
Event: 5.395 GC heap after
{Heap after GC invocations=13 (full 0):
 garbage-first heap   total 96256K, used 29541K [0x0000000722400000, 0x0000000800000000)
  region size 2048K, 1 young (2048K), 1 survivors (2048K)
 Metaspace       used 45876K, committed 46400K, reserved 1114112K
  class space    used 6673K, committed 6912K, reserved 1048576K
}

Deoptimization events (8 events):
Event: 2.220 Thread 0x00000153e3a01e50 DEOPT PACKING pc=0x00000153d0107df9 sp=0x0000003a595fc940
Event: 2.220 Thread 0x00000153e3a01e50 DEOPT UNPACKING pc=0x00000153cfbc2b43 sp=0x0000003a595fbe20 mode 3
Event: 2.447 Thread 0x00000153e3a01e50 DEOPT PACKING pc=0x00000153d0219f55 sp=0x0000003a595fce40
Event: 2.447 Thread 0x00000153e3a01e50 DEOPT UNPACKING pc=0x00000153cfbc2b43 sp=0x0000003a595fc2e8 mode 3
Event: 3.783 Thread 0x00000153e3a01e50 DEOPT PACKING pc=0x00000153d04a1e79 sp=0x0000003a595fd1c0
Event: 3.783 Thread 0x00000153e3a01e50 DEOPT UNPACKING pc=0x00000153cfbc2b43 sp=0x0000003a595fc6a0 mode 3
Event: 4.113 Thread 0x00000153e3a01e50 DEOPT PACKING pc=0x00000153d02deaa5 sp=0x0000003a595fcbe0
Event: 4.113 Thread 0x00000153e3a01e50 DEOPT UNPACKING pc=0x00000153cfbc2b43 sp=0x0000003a595fc148 mode 3

Classes unloaded (0 events):
No events

Classes redefined (0 events):
No events

Internal exceptions (20 events):
Event: 4.044 Thread 0x00000153e3a01e50 Exception <a 'java/lang/IncompatibleClassChangeError'{0x000000072729d670}: Found class java.lang.Object, but interface was expected> (0x000000072729d670) 
thrown [s\open\src\hotspot\share\interpreter\linkResolver.cpp, line 826]
Event: 4.045 Thread 0x00000153e3a01e50 Exception <a 'java/lang/IncompatibleClassChangeError'{0x00000007272a8608}: Found class java.lang.Object, but interface was expected> (0x00000007272a8608) 
thrown [s\open\src\hotspot\share\interpreter\linkResolver.cpp, line 826]
Event: 4.048 Thread 0x00000153e3a01e50 Exception <a 'java/lang/NoSuchMethodError'{0x00000007272e62b8}: 'void java.lang.invoke.DirectMethodHandle$Holder.invokeVirtual(java.lang.Object, java.lang.Object, int)'> (0x00000007272e62b8) 
thrown [s\open\src\hotspot\share\interpreter\linkResolver.cpp, line 759]
Event: 4.049 Thread 0x00000153e3a01e50 Exception <a 'java/lang/NoSuchMethodError'{0x00000007272ec4a0}: 'void java.lang.invoke.DirectMethodHandle$Holder.invokeStatic(java.lang.Object, java.lang.Object, java.lang.Object, int, java.lang.Object)'> (0x00000007272ec4a0) 
thrown [s\open\src\hotspot\share\interpreter\linkResolver.cpp, line 759]
Event: 4.049 Thread 0x00000153e3a01e50 Exception <a 'java/lang/NoSuchMethodError'{0x00000007272f3900}: 'java.lang.Object java.lang.invoke.DirectMethodHandle$Holder.newInvokeSpecial(java.lang.Object, java.lang.Object, java.lang.Object, int)'> (0x00000007272f3900) 
thrown [s\open\src\hotspot\share\interpreter\linkResolver.cpp, line 759]
Event: 4.049 Thread 0x00000153e3a01e50 Exception <a 'java/lang/NoSuchMethodError'{0x00000007272f7be8}: 'java.lang.Object java.lang.invoke.DirectMethodHandle$Holder.invokeSpecial(java.lang.Object, java.lang.Object, java.lang.Object, java.lang.Object, int)'> (0x00000007272f7be8) 
thrown [s\open\src\hotspot\share\interpreter\linkResolver.cpp, line 759]
Event: 4.049 Thread 0x00000153e3a01e50 Exception <a 'java/lang/NoSuchMethodError'{0x00000007272fb7b0}: 'java.lang.Object java.lang.invoke.Invokers$Holder.linkToTargetMethod(java.lang.Object, java.lang.Object, int, java.lang.Object)'> (0x00000007272fb7b0) 
thrown [s\open\src\hotspot\share\interpreter\linkResolver.cpp, line 759]
Event: 4.054 Thread 0x00000153e3a01e50 Exception <a 'java/lang/NoSuchMethodError'{0x0000000727365c58}: 'void java.lang.invoke.DirectMethodHandle$Holder.invokeStatic(java.lang.Object, int, java.lang.Object)'> (0x0000000727365c58) 
thrown [s\open\src\hotspot\share\interpreter\linkResolver.cpp, line 759]
Event: 4.307 Thread 0x00000153e3a01e50 Exception <a 'sun/nio/fs/WindowsException'{0x0000000725e04570}> (0x0000000725e04570) 
thrown [s\open\src\hotspot\share\prims\jni.cpp, line 516]
Event: 4.308 Thread 0x00000153e3a01e50 Exception <a 'sun/nio/fs/WindowsException'{0x0000000725e0a000}> (0x0000000725e0a000) 
thrown [s\open\src\hotspot\share\prims\jni.cpp, line 516]
Event: 4.308 Thread 0x00000153e3a01e50 Exception <a 'sun/nio/fs/WindowsException'{0x0000000725e0a6f8}> (0x0000000725e0a6f8) 
thrown [s\open\src\hotspot\share\prims\jni.cpp, line 516]
Event: 4.337 Thread 0x00000153e3a01e50 Exception <a 'java/io/FileNotFoundException'{0x0000000725f7f510}> (0x0000000725f7f510) 
thrown [s\open\src\hotspot\share\prims\jni.cpp, line 516]
Event: 4.378 Thread 0x00000153e39044a0 Exception <a 'java/lang/reflect/InvocationTargetException'{0x0000000725a073d0}> (0x0000000725a073d0) 
thrown [s\open\src\hotspot\share\runtime\reflection.cpp, line 1121]
Event: 4.394 Thread 0x00000153e3a01e50 Exception <a 'java/lang/NoSuchMethodError'{0x0000000725b0c318}: 'int java.lang.invoke.DirectMethodHandle$Holder.invokeInterface(java.lang.Object, java.lang.Object, java.lang.Object, java.lang.Object)'> (0x0000000725b0c318) 
thrown [s\open\src\hotspot\share\interpreter\linkResolver.cpp, line 759]
Event: 4.474 Thread 0x00000153e3a01e50 Exception <a 'java/lang/NoSuchMethodError'{0x000000073000ab08}: 'long java.lang.invoke.DirectMethodHandle$Holder.invokeVirtual(java.lang.Object, java.lang.Object)'> (0x000000073000ab08) 
thrown [s\open\src\hotspot\share\interpreter\linkResolver.cpp, line 759]
Event: 4.479 Thread 0x00000153e3a01e50 Exception <a 'java/io/FileNotFoundException'{0x000000073004aa68}> (0x000000073004aa68) 
thrown [s\open\src\hotspot\share\prims\jni.cpp, line 516]
Event: 4.502 Thread 0x00000153e3a01e50 Exception <a 'java/lang/NoSuchMethodError'{0x000000072fe1f3a0}: 'void java.lang.invoke.DirectMethodHandle$Holder.invokeVirtual(java.lang.Object, java.lang.Object, long)'> (0x000000072fe1f3a0) 
thrown [s\open\src\hotspot\share\interpreter\linkResolver.cpp, line 759]
Event: 4.625 Thread 0x00000153e3a01e50 Exception <a 'sun/nio/fs/WindowsException'{0x00000007278414c8}> (0x00000007278414c8) 
thrown [s\open\src\hotspot\share\prims\jni.cpp, line 516]
Event: 4.884 Thread 0x00000153e39044a0 Exception <a 'java/lang/reflect/InvocationTargetException'{0x0000000726b3f6b8}> (0x0000000726b3f6b8) 
thrown [s\open\src\hotspot\share\runtime\reflection.cpp, line 1121]
Event: 5.390 Thread 0x00000153e39044a0 Exception <a 'java/lang/reflect/InvocationTargetException'{0x00000007301d50a0}> (0x00000007301d50a0) 
thrown [s\open\src\hotspot\share\runtime\reflection.cpp, line 1121]

VM Operations (20 events):
Event: 4.436 Executing VM operation: HandshakeAllThreads
Event: 4.436 Executing VM operation: HandshakeAllThreads done
Event: 4.467 Executing VM operation: G1CollectForAllocation
Event: 4.472 Executing VM operation: G1CollectForAllocation done
Event: 4.481 Executing VM operation: HandshakeAllThreads
Event: 4.481 Executing VM operation: HandshakeAllThreads done
Event: 4.537 Executing VM operation: HandshakeAllThreads
Event: 4.538 Executing VM operation: HandshakeAllThreads done
Event: 4.568 Executing VM operation: HandshakeAllThreads
Event: 4.568 Executing VM operation: HandshakeAllThreads done
Event: 4.584 Executing VM operation: CollectForMetadataAllocation
Event: 4.588 Executing VM operation: CollectForMetadataAllocation done
Event: 4.597 Executing VM operation: G1Concurrent
Event: 4.599 Executing VM operation: G1Concurrent done
Event: 4.602 Executing VM operation: G1Concurrent
Event: 4.602 Executing VM operation: G1Concurrent done
Event: 5.354 Executing VM operation: G1CollectForAllocation
Event: 5.358 Executing VM operation: G1CollectForAllocation done
Event: 5.392 Executing VM operation: G1CollectForAllocation
Event: 5.395 Executing VM operation: G1CollectForAllocation done

Events (20 events):
Event: 5.345 loading class java/util/concurrent/SynchronousQueue$TransferQueue$QNode
Event: 5.345 loading class java/util/concurrent/SynchronousQueue$TransferQueue$QNode done
Event: 5.346 loading class java/util/concurrent/ThreadPoolExecutor$DiscardPolicy
Event: 5.346 loading class java/util/concurrent/ThreadPoolExecutor$DiscardPolicy done
Event: 5.347 loading class java/util/concurrent/atomic/AtomicIntegerFieldUpdater
Event: 5.347 loading class java/util/concurrent/atomic/AtomicIntegerFieldUpdater done
Event: 5.347 loading class java/util/concurrent/atomic/AtomicIntegerFieldUpdater$AtomicIntegerFieldUpdaterImpl
Event: 5.347 loading class java/util/concurrent/atomic/AtomicIntegerFieldUpdater$AtomicIntegerFieldUpdaterImpl done
Event: 5.347 loading class java/util/concurrent/atomic/AtomicIntegerFieldUpdater$AtomicIntegerFieldUpdaterImpl$1
Event: 5.347 loading class java/util/concurrent/atomic/AtomicIntegerFieldUpdater$AtomicIntegerFieldUpdaterImpl$1 done
Event: 5.351 loading class java/io/StringWriter
Event: 5.351 loading class java/io/StringWriter done
Event: 5.361 loading class jdk/internal/math/FDBigInteger
Event: 5.361 loading class jdk/internal/math/FDBigInteger done
Event: 5.362 loading class java/math/MathContext
Event: 5.362 loading class java/math/MathContext done
Event: 5.387 Thread 0x00000153e39ffff0 Thread added: 0x00000153e39ffff0
Event: 5.391 Thread 0x00000153e39ffff0 Thread exited: 0x00000153e39ffff0
Event: 5.391 loading class java/text/MessageFormat$Field
Event: 5.391 loading class java/text/MessageFormat$Field done


Dynamic libraries:
0x00007ff71c9c0000 - 0x00007ff71c9d0000 	C:\Program Files\Java\jdk-17\bin\java.exe
0x00007ffaef8c0000 - 0x00007ffaefb28000 	C:\WINDOWS\SYSTEM32\ntdll.dll
0x00007ffaedd30000 - 0x00007ffaeddf9000 	C:\WINDOWS\System32\KERNEL32.DLL
0x00007ffaecc10000 - 0x00007ffaed001000 	C:\WINDOWS\System32\KERNELBASE.dll
0x00007ffaed3b0000 - 0x00007ffaed4fb000 	C:\WINDOWS\System32\ucrtbase.dll
0x00007ffac9c90000 - 0x00007ffac9ca9000 	C:\Program Files\Java\jdk-17\bin\jli.dll
0x00007ffac9ff0000 - 0x00007ffaca00b000 	C:\Program Files\Java\jdk-17\bin\VCRUNTIME140.dll
0x00007ffaee8e0000 - 0x00007ffaee994000 	C:\WINDOWS\System32\ADVAPI32.dll
0x00007ffaef5d0000 - 0x00007ffaef679000 	C:\WINDOWS\System32\msvcrt.dll
0x00007ffaeec60000 - 0x00007ffaeed06000 	C:\WINDOWS\System32\sechost.dll
0x00007ffaeeb40000 - 0x00007ffaeec58000 	C:\WINDOWS\System32\RPCRT4.dll
0x00007ffaef680000 - 0x00007ffaef846000 	C:\WINDOWS\System32\USER32.dll
0x00007ffaed630000 - 0x00007ffaed657000 	C:\WINDOWS\System32\win32u.dll
0x00007ffad5820000 - 0x00007ffad5ab3000 	C:\WINDOWS\WinSxS\amd64_microsoft.windows.common-controls_6595b64144ccf1df_6.0.26100.7824_none_3e0870b2e3345462\COMCTL32.dll
0x00007ffaef850000 - 0x00007ffaef87b000 	C:\WINDOWS\System32\GDI32.dll
0x00007ffaed500000 - 0x00007ffaed62b000 	C:\WINDOWS\System32\gdi32full.dll
0x00007ffaed0c0000 - 0x00007ffaed163000 	C:\WINDOWS\System32\msvcp_win.dll
0x00007ffae6510000 - 0x00007ffae651b000 	C:\WINDOWS\SYSTEM32\VERSION.dll
0x00007ffaef590000 - 0x00007ffaef5c1000 	C:\WINDOWS\System32\IMM32.DLL
0x00007ffadca40000 - 0x00007ffadca4c000 	C:\Program Files\Java\jdk-17\bin\vcruntime140_1.dll
0x00007ffac7580000 - 0x00007ffac760e000 	C:\Program Files\Java\jdk-17\bin\msvcp140.dll
0x00007ffa518b0000 - 0x00007ffa52491000 	C:\Program Files\Java\jdk-17\bin\server\jvm.dll
0x00007ffaee1a0000 - 0x00007ffaee1a8000 	C:\WINDOWS\System32\PSAPI.DLL
0x00007ffae64d0000 - 0x00007ffae6505000 	C:\WINDOWS\SYSTEM32\WINMM.dll
0x00007ffaccd00000 - 0x00007ffaccd0a000 	C:\WINDOWS\SYSTEM32\WSOCK32.dll
0x00007ffaee050000 - 0x00007ffaee0c4000 	C:\WINDOWS\System32\WS2_32.dll
0x00007ffaeaf40000 - 0x00007ffaeaf5b000 	C:\WINDOWS\SYSTEM32\kernel.appcore.dll
0x00007ffadca10000 - 0x00007ffadca1a000 	C:\Program Files\Java\jdk-17\bin\jimage.dll
0x00007ffaea180000 - 0x00007ffaea3c2000 	C:\WINDOWS\SYSTEM32\DBGHELP.DLL
0x00007ffaee1b0000 - 0x00007ffaee536000 	C:\WINDOWS\System32\combase.dll
0x00007ffaee800000 - 0x00007ffaee8d7000 	C:\WINDOWS\System32\OLEAUT32.dll
0x00007ffad78d0000 - 0x00007ffad790b000 	C:\WINDOWS\SYSTEM32\dbgcore.DLL
0x00007ffaed010000 - 0x00007ffaed0b5000 	C:\WINDOWS\System32\bcryptPrimitives.dll
0x00007ffac7220000 - 0x00007ffac722e000 	C:\Program Files\Java\jdk-17\bin\instrument.dll
0x00007ffac9c60000 - 0x00007ffac9c85000 	C:\Program Files\Java\jdk-17\bin\java.dll
0x00007ffac2ae0000 - 0x00007ffac2bb7000 	C:\Program Files\Java\jdk-17\bin\jsvml.dll
0x00007ffaeedc0000 - 0x00007ffaef512000 	C:\WINDOWS\System32\SHELL32.dll
0x00007ffaeca10000 - 0x00007ffaecb7a000 	C:\WINDOWS\System32\wintypes.dll
0x00007ffaec1a0000 - 0x00007ffaeca03000 	C:\WINDOWS\System32\windows.storage.dll
0x00007ffaedf50000 - 0x00007ffaee046000 	C:\WINDOWS\System32\SHCORE.dll
0x00007ffaef520000 - 0x00007ffaef587000 	C:\WINDOWS\System32\shlwapi.dll
0x00007ffaec0c0000 - 0x00007ffaec0e9000 	C:\WINDOWS\SYSTEM32\profapi.dll
0x00007ffac7c20000 - 0x00007ffac7c38000 	C:\Program Files\Java\jdk-17\bin\zip.dll
0x00007ffac9af0000 - 0x00007ffac9b09000 	C:\Program Files\Java\jdk-17\bin\net.dll
0x00007ffae42d0000 - 0x00007ffae43f7000 	C:\WINDOWS\SYSTEM32\WINHTTP.dll
0x00007ffaeb4b0000 - 0x00007ffaeb51b000 	C:\WINDOWS\system32\mswsock.dll
0x00007ffac9990000 - 0x00007ffac99a6000 	C:\Program Files\Java\jdk-17\bin\nio.dll
0x00007ffaeaab0000 - 0x00007ffaeabdc000 	C:\WINDOWS\SYSTEM32\DNSAPI.dll
0x00007ffaeaa70000 - 0x00007ffaeaaa4000 	C:\WINDOWS\SYSTEM32\IPHLPAPI.DLL
0x00007ffaede30000 - 0x00007ffaede3a000 	C:\WINDOWS\System32\NSI.dll
0x00007ffae40b0000 - 0x00007ffae40bb000 	C:\Windows\System32\rasadhlp.dll
0x00007ffae69a0000 - 0x00007ffae6a26000 	C:\WINDOWS\System32\fwpuclnt.dll
0x00007ffac6ee0000 - 0x00007ffac6eea000 	C:\Program Files\Java\jdk-17\bin\management.dll
0x00007ffac6ed0000 - 0x00007ffac6edb000 	C:\Program Files\Java\jdk-17\bin\management_ext.dll
0x00007ffaeb780000 - 0x00007ffaeb79b000 	C:\WINDOWS\SYSTEM32\CRYPTSP.dll
0x00007ffaeaea0000 - 0x00007ffaeaed9000 	C:\WINDOWS\system32\rsaenh.dll
0x00007ffaeb560000 - 0x00007ffaeb58b000 	C:\WINDOWS\SYSTEM32\USERENV.dll
0x00007ffaec090000 - 0x00007ffaec0ba000 	C:\WINDOWS\SYSTEM32\bcrypt.dll
0x00007ffaeb7a0000 - 0x00007ffaeb7ac000 	C:\WINDOWS\SYSTEM32\CRYPTBASE.dll
0x00007ffae6950000 - 0x00007ffae696e000 	C:\WINDOWS\SYSTEM32\dhcpcsvc6.DLL
0x00007ffae6760000 - 0x00007ffae6783000 	C:\WINDOWS\SYSTEM32\dhcpcsvc.DLL
0x00007ffacc660000 - 0x00007ffacc678000 	C:\WINDOWS\system32\napinsp.dll
0x00007ffacc3a0000 - 0x00007ffacc3b2000 	C:\WINDOWS\System32\winrnr.dll
0x00007ffacc310000 - 0x00007ffacc332000 	C:\WINDOWS\system32\nlansp_c.dll
0x00007ffacc2f0000 - 0x00007ffacc306000 	C:\WINDOWS\system32\wshbth.dll
0x00007ffadc770000 - 0x00007ffadc77e000 	C:\Program Files\Java\jdk-17\bin\sunmscapi.dll
0x00007ffaed230000 - 0x00007ffaed3a7000 	C:\WINDOWS\System32\CRYPT32.dll
0x00007ffaeb9a0000 - 0x00007ffaeb9d0000 	C:\WINDOWS\SYSTEM32\ncrypt.dll
0x00007ffaeb950000 - 0x00007ffaeb98f000 	C:\WINDOWS\SYSTEM32\NTASN1.dll

dbghelp: loaded successfully - version: 4.0.5 - missing functions: none
symbol engine: initialized successfully - sym options: 0x614 - pdb path: .;C:\Program Files\Java\jdk-17\bin;C:\WINDOWS\SYSTEM32;C:\WINDOWS\WinSxS\amd64_microsoft.windows.common-controls_6595b64144ccf1df_6.0.26100.7824_none_3e0870b2e3345462;C:\Program Files\Java\jdk-17\bin\server

VM Arguments:
jvm_args: -XX:TieredStopAtLevel=1 -Dspring.output.ansi.enabled=always -Dcom.sun.management.jmxremote -Dspring.jmx.enabled=true -Dspring.liveBeansView.mbeanDomain -Dspring.application.admin.enabled=true -Dmanagement.endpoints.jmx.exposure.include=* -javaagent:C:\Program Files\JetBrains\IntelliJ IDEA 2025.2.2\lib\idea_rt.jar=62679 -Dfile.encoding=UTF-8 
java_command: fa.training.car_rental_management.CarRentalManagementApplication
java_class_path (initial): D:\Semester 7\SWD\Project\swd392_be\target\classes;C:\Users\ddhoang\.m2\repository\org\springframework\boot\spring-boot-starter-data-jdbc\4.0.3\spring-boot-starter-data-jdbc-4.0.3.jar;C:\Users\ddhoang\.m2\repository\org\springframework\boot\spring-boot-starter\4.0.3\spring-boot-starter-4.0.3.jar;C:\Users\ddhoang\.m2\repository\org\springframework\boot\spring-boot-starter-logging\4.0.3\spring-boot-starter-logging-4.0.3.jar;C:\Users\ddhoang\.m2\repository\ch\qos\logback\logback-classic\1.5.32\logback-classic-1.5.32.jar;C:\Users\ddhoang\.m2\repository\ch\qos\logback\logback-core\1.5.32\logback-core-1.5.32.jar;C:\Users\ddhoang\.m2\repository\org\apache\logging\log4j\log4j-to-slf4j\2.25.3\log4j-to-slf4j-2.25.3.jar;C:\Users\ddhoang\.m2\repository\org\apache\logging\log4j\log4j-api\2.25.3\log4j-api-2.25.3.jar;C:\Users\ddhoang\.m2\repository\org\slf4j\jul-to-slf4j\2.0.17\jul-to-slf4j-2.0.17.jar;C:\Users\ddhoang\.m2\repository\jakarta\annotation\jakarta.annotation-api\3.0.0\jakarta.annotation-api-3.0.0.jar;C:\Users\ddhoang\.m2\repository\org\yaml\snakeyaml\2.5\snakeyaml-2.5.jar;C:\Users\ddhoang\.m2\repository\org\springframework\boot\spring-boot-starter-jdbc\4.0.3\spring-boot-starter-jdbc-4.0.3.jar;C:\Users\ddhoang\.m2\repository\com\zaxxer\HikariCP\7.0.2\HikariCP-7.0.2.jar;C:\Users\ddhoang\.m2\repository\org\springframework\boot\spring-boot-data-jdbc\4.0.3\spring-boot-data-jdbc-4.0.3.jar;C:\Users\ddhoang\.m2\repository\org\springframework\boot\spring-boot-data-commons\4.0.3\spring-boot-data-commons-4.0.3.jar;C:\Users\ddhoang\.m2\repository\org\springframework\boot\spring-boot-persistence\4.0.3\spring-boot-persistence-4.0.3.jar;C:\Users\ddhoang\.m2\repository\org\springframework\data\spring-data-commons\4.0.3\spring-data-commons-4.0.3.jar;C:\Users\ddhoang\.m2\repository\org\springframework\data\spring-data-jdbc\4.0.3\spring-data-jdbc-4.0.3.jar;C:\Users\ddhoang\.m2\repository\org\springframework\data\spring-data-relational\4.0.3\spring-data-relati
Launcher Type: SUN_STANDARD

[Global flags]
     intx CICompilerCount                          = 4                                         {product} {ergonomic}
     uint ConcGCThreads                            = 3                                         {product} {ergonomic}
     uint G1ConcRefinementThreads                  = 10                                        {product} {ergonomic}
   size_t G1HeapRegionSize                         = 2097152                                   {product} {ergonomic}
    uintx GCDrainStackTargetSize                   = 64                                        {product} {ergonomic}
   size_t InitialHeapSize                          = 232783872                                 {product} {ergonomic}
     bool ManagementServer                         = true                                      {product} {command line}
   size_t MarkStackSize                            = 4194304                                   {product} {ergonomic}
   size_t MaxHeapSize                              = 3720347648                                {product} {ergonomic}
   size_t MaxNewSize                               = 2231369728                                {product} {ergonomic}
   size_t MinHeapDeltaBytes                        = 2097152                                   {product} {ergonomic}
   size_t MinHeapSize                              = 8388608                                   {product} {ergonomic}
    uintx NonProfiledCodeHeapSize                  = 0                                      {pd product} {ergonomic}
     bool ProfileInterpreter                       = false                                  {pd product} {command line}
    uintx ProfiledCodeHeapSize                     = 0                                      {pd product} {ergonomic}
   size_t SoftMaxHeapSize                          = 3720347648                             {manageable} {ergonomic}
     intx TieredStopAtLevel                        = 1                                         {product} {command line}
     bool UseCompressedClassPointers               = true                           {product lp64_product} {ergonomic}
     bool UseCompressedOops                        = true                           {product lp64_product} {ergonomic}
     bool UseG1GC                                  = true                                      {product} {ergonomic}
     bool UseLargePagesIndividualAllocation        = false                                  {pd product} {ergonomic}

Logging:
Log output configuration:
 #0: stdout all=warning uptime,level,tags
 #1: stderr all=off uptime,level,tags

Environment Variables:
PATH=C:\Program Files\Common Files\Oracle\Java\javapath;C:\Users\ddhoang\Downloads\tool\apache-maven-3.9.11\bin;C:\Program Files (x86)\Common Files\Oracle\Java\java8path;C:\Program Files (x86)\Common Files\Oracle\Java\javapath;C:\Windows\system32;C:\Windows;C:\Windows\System32\Wbem;C:\Windows\System32\WindowsPowerShell\v1.0\;C:\Windows\System32\OpenSSH\;C:\Program Files (x86)\NVIDIA Corporation\PhysX\Common;C:\Program Files\NVIDIA Corporation\NVIDIA NvDLISR;C:\WINDOWS\system32;C:\WINDOWS;C:\WINDOWS\System32\Wbem;C:\WINDOWS\System32\WindowsPowerShell\v1.0\;C:\WINDOWS\System32\OpenSSH\;C:\Program Files (x86)\Microsoft SQL Server\160\DTS\Binn\;C:\Program Files\dotnet\;C:\Program Files (x86)\Microsoft SQL Server\160\Tools\Binn\;C:\Program Files\Microsoft SQL Server\160\Tools\Binn\;C:\Program Files\Microsoft SQL Server\Client SDK\ODBC\170\Tools\Binn\;C:\Program Files\Microsoft SQL Server\160\DTS\Binn\;C:\ProgramData\chocolatey\bin;C:\Program Files\Git\cmd;C:\Program Files\Docker\Docker\resources\bin;C:\Program Files\Cloudflare\Cloudflare WARP\;C:\Program Files\nodejs\;C:\Users\ddhoang\AppData\Local\Microsoft\WindowsApps;C:\Users\ddhoang\AppData\Local\Programs\Microsoft VS Code\bin;C:\Users\ddhoang\AppData\Roaming\npm
USERNAME=ddhoang
OS=Windows_NT
PROCESSOR_IDENTIFIER=AMD64 Family 25 Model 80 Stepping 0, AuthenticAMD



---------------  S Y S T E M  ---------------

OS:
 Windows 11 , 64 bit Build 26100 (10.0.26100.7705)
OS uptime: 1 days 16:35 hours
Hyper-V role detected

CPU: total 12 (initial active 12) (12 cores per cpu, 2 threads per core) family 25 model 80 stepping 0 microcode 0xa50000c, cx8, cmov, fxsr, ht, mmx, 3dnowpref, sse, sse2, sse3, ssse3, sse4a, sse4.1, sse4.2, popcnt, lzcnt, tsc, tscinvbit, avx, avx2, aes, erms, clmul, bmi1, bmi2, adx, sha, fma, vzeroupper, clflush, clflushopt, hv

Memory: 4k page, system-wide physical 14188M (1356M free)
TotalPageFile size 24528M (AvailPageFile size 3M)
current process WorkingSet (physical memory assigned to process): 219M, peak: 222M
current process commit charge ("private bytes"): 266M, peak: 353M

vm_info: Java HotSpot(TM) 64-Bit Server VM (17.0.9+11-LTS-201) for windows-amd64 JRE (17.0.9+11-LTS-201), built on Oct 10 2023 23:16:06 by "mach5one" with MS VC++ 17.1 (VS2022)

END.
